CRITICAL - 2023-12-15 23:48:22 --> Invalid file: "fr/pages/.php"
in SYSTEMPATH\Exceptions\FrameworkException.php on line 39.
 1 SYSTEMPATH\View\View.php(216): CodeIgniter\Exceptions\FrameworkException::forInvalidFile('fr/pages/.php')
 2 SYSTEMPATH\Common.php(1190): CodeIgniter\View\View->render('fr/pages/', [], true)
 3 APPPATH\Controllers\fr_index.php(11): view('fr/pages/')
 4 SYSTEMPATH\CodeIgniter.php(942): App\Controllers\fr_index->index()
 5 SYSTEMPATH\CodeIgniter.php(502): CodeIgniter\CodeIgniter->runController(Object(App\Controllers\fr_index))
 6 SYSTEMPATH\CodeIgniter.php(361): CodeIgniter\CodeIgniter->handleRequest(null, Object(Config\Cache), false)
 7 FCPATH\index.php(79): CodeIgniter\CodeIgniter->run()
 8 SYSTEMPATH\Commands\Server\rewrite.php(47): require_once('C:\\xampp\\htdocs\\mm-management\\public\\index.php')
CRITICAL - 2023-12-15 23:48:25 --> Invalid file: "fr/pages/.php"
in SYSTEMPATH\Exceptions\FrameworkException.php on line 39.
 1 SYSTEMPATH\View\View.php(216): CodeIgniter\Exceptions\FrameworkException::forInvalidFile('fr/pages/.php')
 2 SYSTEMPATH\Common.php(1190): CodeIgniter\View\View->render('fr/pages/', [], true)
 3 APPPATH\Controllers\fr_index.php(11): view('fr/pages/')
 4 SYSTEMPATH\CodeIgniter.php(942): App\Controllers\fr_index->index()
 5 SYSTEMPATH\CodeIgniter.php(502): CodeIgniter\CodeIgniter->runController(Object(App\Controllers\fr_index))
 6 SYSTEMPATH\CodeIgniter.php(361): CodeIgniter\CodeIgniter->handleRequest(null, Object(Config\Cache), false)
 7 FCPATH\index.php(79): CodeIgniter\CodeIgniter->run()
 8 SYSTEMPATH\Commands\Server\rewrite.php(47): require_once('C:\\xampp\\htdocs\\mm-management\\public\\index.php')
