INFO - 2024-01-08 08:19:15 --> Session: Class initialized using 'CodeIgniter\Session\Handlers\FileHandler' driver.
INFO - 2024-01-08 08:30:21 --> Session: Class initialized using 'CodeIgniter\Session\Handlers\FileHandler' driver.
INFO - 2024-01-08 08:30:21 --> Session: Class initialized using 'CodeIgniter\Session\Handlers\FileHandler' driver.
INFO - 2024-01-08 08:30:25 --> Session: Class initialized using 'CodeIgniter\Session\Handlers\FileHandler' driver.
INFO - 2024-01-08 08:49:50 --> Session: Class initialized using 'CodeIgniter\Session\Handlers\FileHandler' driver.
INFO - 2024-01-08 08:56:17 --> Session: Class initialized using 'CodeIgniter\Session\Handlers\FileHandler' driver.
INFO - 2024-01-08 08:58:36 --> Session: Class initialized using 'CodeIgniter\Session\Handlers\FileHandler' driver.
INFO - 2024-01-08 09:00:11 --> Session: Class initialized using 'CodeIgniter\Session\Handlers\FileHandler' driver.
INFO - 2024-01-08 09:01:46 --> Session: Class initialized using 'CodeIgniter\Session\Handlers\FileHandler' driver.
INFO - 2024-01-08 09:02:31 --> Session: Class initialized using 'CodeIgniter\Session\Handlers\FileHandler' driver.
INFO - 2024-01-08 09:02:52 --> Session: Class initialized using 'CodeIgniter\Session\Handlers\FileHandler' driver.
INFO - 2024-01-08 09:03:19 --> Session: Class initialized using 'CodeIgniter\Session\Handlers\FileHandler' driver.
INFO - 2024-01-08 09:04:19 --> Session: Class initialized using 'CodeIgniter\Session\Handlers\FileHandler' driver.
INFO - 2024-01-08 09:05:45 --> Session: Class initialized using 'CodeIgniter\Session\Handlers\FileHandler' driver.
INFO - 2024-01-08 09:08:09 --> Session: Class initialized using 'CodeIgniter\Session\Handlers\FileHandler' driver.
INFO - 2024-01-08 09:10:35 --> Session: Class initialized using 'CodeIgniter\Session\Handlers\FileHandler' driver.
INFO - 2024-01-08 09:11:15 --> Session: Class initialized using 'CodeIgniter\Session\Handlers\FileHandler' driver.
INFO - 2024-01-08 09:11:41 --> Session: Class initialized using 'CodeIgniter\Session\Handlers\FileHandler' driver.
INFO - 2024-01-08 09:14:14 --> Session: Class initialized using 'CodeIgniter\Session\Handlers\FileHandler' driver.
INFO - 2024-01-08 09:14:14 --> Session: Class initialized using 'CodeIgniter\Session\Handlers\FileHandler' driver.
INFO - 2024-01-08 09:14:38 --> Session: Class initialized using 'CodeIgniter\Session\Handlers\FileHandler' driver.
INFO - 2024-01-08 09:14:38 --> Session: Class initialized using 'CodeIgniter\Session\Handlers\FileHandler' driver.
INFO - 2024-01-08 09:19:30 --> Session: Class initialized using 'CodeIgniter\Session\Handlers\FileHandler' driver.
INFO - 2024-01-08 09:19:34 --> Session: Class initialized using 'CodeIgniter\Session\Handlers\FileHandler' driver.
INFO - 2024-01-08 09:19:34 --> Session: Class initialized using 'CodeIgniter\Session\Handlers\FileHandler' driver.
INFO - 2024-01-08 09:19:37 --> Session: Class initialized using 'CodeIgniter\Session\Handlers\FileHandler' driver.
INFO - 2024-01-08 09:20:38 --> Session: Class initialized using 'CodeIgniter\Session\Handlers\FileHandler' driver.
ERROR - 2024-01-08 15:05:46 --> Error connecting to the database: mysqli_sql_exception: No connection could be made because the target machine actively refused it in D:\xampp\htdocs\mm-management\vendor\codeigniter4\framework\system\Database\MySQLi\Connection.php:185
Stack trace:
#0 D:\xampp\htdocs\mm-management\vendor\codeigniter4\framework\system\Database\MySQLi\Connection.php(185): mysqli->real_connect('localhost', 'root', '', 'mm-management', 3306, '', 0)
#1 D:\xampp\htdocs\mm-management\vendor\codeigniter4\framework\system\Database\BaseConnection.php(392): CodeIgniter\Database\MySQLi\Connection->connect(false)
#2 D:\xampp\htdocs\mm-management\vendor\codeigniter4\framework\system\Database\BaseConnection.php(575): CodeIgniter\Database\BaseConnection->initialize()
#3 D:\xampp\htdocs\mm-management\vendor\codeigniter4\framework\system\Database\BaseBuilder.php(1615): CodeIgniter\Database\BaseConnection->query('SELECT *\nFROM `...', Array, false)
#4 D:\xampp\htdocs\mm-management\vendor\codeigniter4\framework\system\Model.php(237): CodeIgniter\Database\BaseBuilder->get()
#5 D:\xampp\htdocs\mm-management\vendor\codeigniter4\framework\system\BaseModel.php(624): CodeIgniter\Model->doFindAll(0, 0)
#6 D:\xampp\htdocs\mm-management\app\Controllers\BeCms.php(146): CodeIgniter\BaseModel->findAll()
#7 D:\xampp\htdocs\mm-management\vendor\codeigniter4\framework\system\CodeIgniter.php(942): App\Controllers\BeCms->pagegaleri()
#8 D:\xampp\htdocs\mm-management\vendor\codeigniter4\framework\system\CodeIgniter.php(502): CodeIgniter\CodeIgniter->runController(Object(App\Controllers\BeCms))
#9 D:\xampp\htdocs\mm-management\vendor\codeigniter4\framework\system\CodeIgniter.php(361): CodeIgniter\CodeIgniter->handleRequest(NULL, Object(Config\Cache), false)
#10 D:\xampp\htdocs\mm-management\public\index.php(79): CodeIgniter\CodeIgniter->run()
#11 D:\xampp\htdocs\mm-management\vendor\codeigniter4\framework\system\Commands\Server\rewrite.php(47): require_once('D:\\xampp\\htdocs...')
#12 {main}

Next CodeIgniter\Database\Exceptions\DatabaseException: No connection could be made because the target machine actively refused it in D:\xampp\htdocs\mm-management\vendor\codeigniter4\framework\system\Database\MySQLi\Connection.php:229
Stack trace:
#0 D:\xampp\htdocs\mm-management\vendor\codeigniter4\framework\system\Database\BaseConnection.php(392): CodeIgniter\Database\MySQLi\Connection->connect(false)
#1 D:\xampp\htdocs\mm-management\vendor\codeigniter4\framework\system\Database\BaseConnection.php(575): CodeIgniter\Database\BaseConnection->initialize()
#2 D:\xampp\htdocs\mm-management\vendor\codeigniter4\framework\system\Database\BaseBuilder.php(1615): CodeIgniter\Database\BaseConnection->query('SELECT *\nFROM `...', Array, false)
#3 D:\xampp\htdocs\mm-management\vendor\codeigniter4\framework\system\Model.php(237): CodeIgniter\Database\BaseBuilder->get()
#4 D:\xampp\htdocs\mm-management\vendor\codeigniter4\framework\system\BaseModel.php(624): CodeIgniter\Model->doFindAll(0, 0)
#5 D:\xampp\htdocs\mm-management\app\Controllers\BeCms.php(146): CodeIgniter\BaseModel->findAll()
#6 D:\xampp\htdocs\mm-management\vendor\codeigniter4\framework\system\CodeIgniter.php(942): App\Controllers\BeCms->pagegaleri()
#7 D:\xampp\htdocs\mm-management\vendor\codeigniter4\framework\system\CodeIgniter.php(502): CodeIgniter\CodeIgniter->runController(Object(App\Controllers\BeCms))
#8 D:\xampp\htdocs\mm-management\vendor\codeigniter4\framework\system\CodeIgniter.php(361): CodeIgniter\CodeIgniter->handleRequest(NULL, Object(Config\Cache), false)
#9 D:\xampp\htdocs\mm-management\public\index.php(79): CodeIgniter\CodeIgniter->run()
#10 D:\xampp\htdocs\mm-management\vendor\codeigniter4\framework\system\Commands\Server\rewrite.php(47): require_once('D:\\xampp\\htdocs...')
#11 {main}
CRITICAL - 2024-01-08 15:05:46 --> Unable to connect to the database.
Main connection [MySQLi]: No connection could be made because the target machine actively refused it
in SYSTEMPATH\Database\BaseConnection.php on line 428.
 1 SYSTEMPATH\Database\BaseConnection.php(575): CodeIgniter\Database\BaseConnection->initialize()
 2 SYSTEMPATH\Database\BaseBuilder.php(1615): CodeIgniter\Database\BaseConnection->query('SELECT *
FROM `mm-galeri`', [], false)
 3 SYSTEMPATH\Model.php(237): CodeIgniter\Database\BaseBuilder->get()
 4 SYSTEMPATH\BaseModel.php(624): CodeIgniter\Model->doFindAll(0, 0)
 5 APPPATH\Controllers\BeCms.php(146): CodeIgniter\BaseModel->findAll()
 6 SYSTEMPATH\CodeIgniter.php(942): App\Controllers\BeCms->pagegaleri()
 7 SYSTEMPATH\CodeIgniter.php(502): CodeIgniter\CodeIgniter->runController(Object(App\Controllers\BeCms))
 8 SYSTEMPATH\CodeIgniter.php(361): CodeIgniter\CodeIgniter->handleRequest(null, Object(Config\Cache), false)
 9 FCPATH\index.php(79): CodeIgniter\CodeIgniter->run()
10 SYSTEMPATH\Commands\Server\rewrite.php(47): require_once('D:\\xampp\\htdocs\\mm-management\\public\\index.php')
ERROR - 2024-01-08 15:05:52 --> Error connecting to the database: mysqli_sql_exception: No connection could be made because the target machine actively refused it in D:\xampp\htdocs\mm-management\vendor\codeigniter4\framework\system\Database\MySQLi\Connection.php:185
Stack trace:
#0 D:\xampp\htdocs\mm-management\vendor\codeigniter4\framework\system\Database\MySQLi\Connection.php(185): mysqli->real_connect('localhost', 'root', '', 'mm-management', 3306, '', 0)
#1 D:\xampp\htdocs\mm-management\vendor\codeigniter4\framework\system\Database\BaseConnection.php(392): CodeIgniter\Database\MySQLi\Connection->connect(false)
#2 D:\xampp\htdocs\mm-management\vendor\codeigniter4\framework\system\Database\BaseConnection.php(575): CodeIgniter\Database\BaseConnection->initialize()
#3 D:\xampp\htdocs\mm-management\vendor\codeigniter4\framework\system\Database\BaseBuilder.php(1615): CodeIgniter\Database\BaseConnection->query('SELECT *\nFROM `...', Array, false)
#4 D:\xampp\htdocs\mm-management\vendor\codeigniter4\framework\system\Model.php(237): CodeIgniter\Database\BaseBuilder->get()
#5 D:\xampp\htdocs\mm-management\vendor\codeigniter4\framework\system\BaseModel.php(624): CodeIgniter\Model->doFindAll(0, 0)
#6 D:\xampp\htdocs\mm-management\app\Controllers\BeCms.php(146): CodeIgniter\BaseModel->findAll()
#7 D:\xampp\htdocs\mm-management\vendor\codeigniter4\framework\system\CodeIgniter.php(942): App\Controllers\BeCms->pagegaleri()
#8 D:\xampp\htdocs\mm-management\vendor\codeigniter4\framework\system\CodeIgniter.php(502): CodeIgniter\CodeIgniter->runController(Object(App\Controllers\BeCms))
#9 D:\xampp\htdocs\mm-management\vendor\codeigniter4\framework\system\CodeIgniter.php(361): CodeIgniter\CodeIgniter->handleRequest(NULL, Object(Config\Cache), false)
#10 D:\xampp\htdocs\mm-management\public\index.php(79): CodeIgniter\CodeIgniter->run()
#11 D:\xampp\htdocs\mm-management\vendor\codeigniter4\framework\system\Commands\Server\rewrite.php(47): require_once('D:\\xampp\\htdocs...')
#12 {main}

Next CodeIgniter\Database\Exceptions\DatabaseException: No connection could be made because the target machine actively refused it in D:\xampp\htdocs\mm-management\vendor\codeigniter4\framework\system\Database\MySQLi\Connection.php:229
Stack trace:
#0 D:\xampp\htdocs\mm-management\vendor\codeigniter4\framework\system\Database\BaseConnection.php(392): CodeIgniter\Database\MySQLi\Connection->connect(false)
#1 D:\xampp\htdocs\mm-management\vendor\codeigniter4\framework\system\Database\BaseConnection.php(575): CodeIgniter\Database\BaseConnection->initialize()
#2 D:\xampp\htdocs\mm-management\vendor\codeigniter4\framework\system\Database\BaseBuilder.php(1615): CodeIgniter\Database\BaseConnection->query('SELECT *\nFROM `...', Array, false)
#3 D:\xampp\htdocs\mm-management\vendor\codeigniter4\framework\system\Model.php(237): CodeIgniter\Database\BaseBuilder->get()
#4 D:\xampp\htdocs\mm-management\vendor\codeigniter4\framework\system\BaseModel.php(624): CodeIgniter\Model->doFindAll(0, 0)
#5 D:\xampp\htdocs\mm-management\app\Controllers\BeCms.php(146): CodeIgniter\BaseModel->findAll()
#6 D:\xampp\htdocs\mm-management\vendor\codeigniter4\framework\system\CodeIgniter.php(942): App\Controllers\BeCms->pagegaleri()
#7 D:\xampp\htdocs\mm-management\vendor\codeigniter4\framework\system\CodeIgniter.php(502): CodeIgniter\CodeIgniter->runController(Object(App\Controllers\BeCms))
#8 D:\xampp\htdocs\mm-management\vendor\codeigniter4\framework\system\CodeIgniter.php(361): CodeIgniter\CodeIgniter->handleRequest(NULL, Object(Config\Cache), false)
#9 D:\xampp\htdocs\mm-management\public\index.php(79): CodeIgniter\CodeIgniter->run()
#10 D:\xampp\htdocs\mm-management\vendor\codeigniter4\framework\system\Commands\Server\rewrite.php(47): require_once('D:\\xampp\\htdocs...')
#11 {main}
CRITICAL - 2024-01-08 15:05:52 --> Unable to connect to the database.
Main connection [MySQLi]: No connection could be made because the target machine actively refused it
in SYSTEMPATH\Database\BaseConnection.php on line 428.
 1 SYSTEMPATH\Database\BaseConnection.php(575): CodeIgniter\Database\BaseConnection->initialize()
 2 SYSTEMPATH\Database\BaseBuilder.php(1615): CodeIgniter\Database\BaseConnection->query('SELECT *
FROM `mm-galeri`', [], false)
 3 SYSTEMPATH\Model.php(237): CodeIgniter\Database\BaseBuilder->get()
 4 SYSTEMPATH\BaseModel.php(624): CodeIgniter\Model->doFindAll(0, 0)
 5 APPPATH\Controllers\BeCms.php(146): CodeIgniter\BaseModel->findAll()
 6 SYSTEMPATH\CodeIgniter.php(942): App\Controllers\BeCms->pagegaleri()
 7 SYSTEMPATH\CodeIgniter.php(502): CodeIgniter\CodeIgniter->runController(Object(App\Controllers\BeCms))
 8 SYSTEMPATH\CodeIgniter.php(361): CodeIgniter\CodeIgniter->handleRequest(null, Object(Config\Cache), false)
 9 FCPATH\index.php(79): CodeIgniter\CodeIgniter->run()
10 SYSTEMPATH\Commands\Server\rewrite.php(47): require_once('D:\\xampp\\htdocs\\mm-management\\public\\index.php')
INFO - 2024-01-08 15:25:32 --> Session: Class initialized using 'CodeIgniter\Session\Handlers\FileHandler' driver.
ERROR - 2024-01-08 15:25:35 --> Error connecting to the database: mysqli_sql_exception: No connection could be made because the target machine actively refused it in D:\xampp\htdocs\mm-management\vendor\codeigniter4\framework\system\Database\MySQLi\Connection.php:185
Stack trace:
#0 D:\xampp\htdocs\mm-management\vendor\codeigniter4\framework\system\Database\MySQLi\Connection.php(185): mysqli->real_connect('localhost', 'root', '', 'mm-management', 3306, '', 0)
#1 D:\xampp\htdocs\mm-management\vendor\codeigniter4\framework\system\Database\BaseConnection.php(392): CodeIgniter\Database\MySQLi\Connection->connect(false)
#2 D:\xampp\htdocs\mm-management\vendor\codeigniter4\framework\system\Database\BaseConnection.php(575): CodeIgniter\Database\BaseConnection->initialize()
#3 D:\xampp\htdocs\mm-management\vendor\codeigniter4\framework\system\Database\BaseBuilder.php(1615): CodeIgniter\Database\BaseConnection->query('SELECT *\nFROM `...', Array, false)
#4 D:\xampp\htdocs\mm-management\vendor\codeigniter4\framework\system\Model.php(237): CodeIgniter\Database\BaseBuilder->get()
#5 D:\xampp\htdocs\mm-management\vendor\codeigniter4\framework\system\BaseModel.php(624): CodeIgniter\Model->doFindAll(0, 0)
#6 D:\xampp\htdocs\mm-management\app\Controllers\BeCms.php(146): CodeIgniter\BaseModel->findAll()
#7 D:\xampp\htdocs\mm-management\vendor\codeigniter4\framework\system\CodeIgniter.php(942): App\Controllers\BeCms->pagegaleri()
#8 D:\xampp\htdocs\mm-management\vendor\codeigniter4\framework\system\CodeIgniter.php(502): CodeIgniter\CodeIgniter->runController(Object(App\Controllers\BeCms))
#9 D:\xampp\htdocs\mm-management\vendor\codeigniter4\framework\system\CodeIgniter.php(361): CodeIgniter\CodeIgniter->handleRequest(NULL, Object(Config\Cache), false)
#10 D:\xampp\htdocs\mm-management\public\index.php(79): CodeIgniter\CodeIgniter->run()
#11 D:\xampp\htdocs\mm-management\vendor\codeigniter4\framework\system\Commands\Server\rewrite.php(47): require_once('D:\\xampp\\htdocs...')
#12 {main}

Next CodeIgniter\Database\Exceptions\DatabaseException: No connection could be made because the target machine actively refused it in D:\xampp\htdocs\mm-management\vendor\codeigniter4\framework\system\Database\MySQLi\Connection.php:229
Stack trace:
#0 D:\xampp\htdocs\mm-management\vendor\codeigniter4\framework\system\Database\BaseConnection.php(392): CodeIgniter\Database\MySQLi\Connection->connect(false)
#1 D:\xampp\htdocs\mm-management\vendor\codeigniter4\framework\system\Database\BaseConnection.php(575): CodeIgniter\Database\BaseConnection->initialize()
#2 D:\xampp\htdocs\mm-management\vendor\codeigniter4\framework\system\Database\BaseBuilder.php(1615): CodeIgniter\Database\BaseConnection->query('SELECT *\nFROM `...', Array, false)
#3 D:\xampp\htdocs\mm-management\vendor\codeigniter4\framework\system\Model.php(237): CodeIgniter\Database\BaseBuilder->get()
#4 D:\xampp\htdocs\mm-management\vendor\codeigniter4\framework\system\BaseModel.php(624): CodeIgniter\Model->doFindAll(0, 0)
#5 D:\xampp\htdocs\mm-management\app\Controllers\BeCms.php(146): CodeIgniter\BaseModel->findAll()
#6 D:\xampp\htdocs\mm-management\vendor\codeigniter4\framework\system\CodeIgniter.php(942): App\Controllers\BeCms->pagegaleri()
#7 D:\xampp\htdocs\mm-management\vendor\codeigniter4\framework\system\CodeIgniter.php(502): CodeIgniter\CodeIgniter->runController(Object(App\Controllers\BeCms))
#8 D:\xampp\htdocs\mm-management\vendor\codeigniter4\framework\system\CodeIgniter.php(361): CodeIgniter\CodeIgniter->handleRequest(NULL, Object(Config\Cache), false)
#9 D:\xampp\htdocs\mm-management\public\index.php(79): CodeIgniter\CodeIgniter->run()
#10 D:\xampp\htdocs\mm-management\vendor\codeigniter4\framework\system\Commands\Server\rewrite.php(47): require_once('D:\\xampp\\htdocs...')
#11 {main}
CRITICAL - 2024-01-08 15:25:35 --> Unable to connect to the database.
Main connection [MySQLi]: No connection could be made because the target machine actively refused it
in SYSTEMPATH\Database\BaseConnection.php on line 428.
 1 SYSTEMPATH\Database\BaseConnection.php(575): CodeIgniter\Database\BaseConnection->initialize()
 2 SYSTEMPATH\Database\BaseBuilder.php(1615): CodeIgniter\Database\BaseConnection->query('SELECT *
FROM `mm-galeri`', [], false)
 3 SYSTEMPATH\Model.php(237): CodeIgniter\Database\BaseBuilder->get()
 4 SYSTEMPATH\BaseModel.php(624): CodeIgniter\Model->doFindAll(0, 0)
 5 APPPATH\Controllers\BeCms.php(146): CodeIgniter\BaseModel->findAll()
 6 SYSTEMPATH\CodeIgniter.php(942): App\Controllers\BeCms->pagegaleri()
 7 SYSTEMPATH\CodeIgniter.php(502): CodeIgniter\CodeIgniter->runController(Object(App\Controllers\BeCms))
 8 SYSTEMPATH\CodeIgniter.php(361): CodeIgniter\CodeIgniter->handleRequest(null, Object(Config\Cache), false)
 9 FCPATH\index.php(79): CodeIgniter\CodeIgniter->run()
10 SYSTEMPATH\Commands\Server\rewrite.php(47): require_once('D:\\xampp\\htdocs\\mm-management\\public\\index.php')
ERROR - 2024-01-08 15:25:41 --> Error connecting to the database: mysqli_sql_exception: No connection could be made because the target machine actively refused it in D:\xampp\htdocs\mm-management\vendor\codeigniter4\framework\system\Database\MySQLi\Connection.php:185
Stack trace:
#0 D:\xampp\htdocs\mm-management\vendor\codeigniter4\framework\system\Database\MySQLi\Connection.php(185): mysqli->real_connect('localhost', 'root', '', 'mm-management', 3306, '', 0)
#1 D:\xampp\htdocs\mm-management\vendor\codeigniter4\framework\system\Database\BaseConnection.php(392): CodeIgniter\Database\MySQLi\Connection->connect(false)
#2 D:\xampp\htdocs\mm-management\vendor\codeigniter4\framework\system\Database\BaseConnection.php(575): CodeIgniter\Database\BaseConnection->initialize()
#3 D:\xampp\htdocs\mm-management\vendor\codeigniter4\framework\system\Database\BaseBuilder.php(1615): CodeIgniter\Database\BaseConnection->query('SELECT *\nFROM `...', Array, false)
#4 D:\xampp\htdocs\mm-management\vendor\codeigniter4\framework\system\Model.php(264): CodeIgniter\Database\BaseBuilder->get()
#5 D:\xampp\htdocs\mm-management\vendor\codeigniter4\framework\system\BaseModel.php(662): CodeIgniter\Model->doFirst()
#6 D:\xampp\htdocs\mm-management\app\Controllers\BeCms.php(21): CodeIgniter\BaseModel->first()
#7 D:\xampp\htdocs\mm-management\vendor\codeigniter4\framework\system\CodeIgniter.php(942): App\Controllers\BeCms->check_login()
#8 D:\xampp\htdocs\mm-management\vendor\codeigniter4\framework\system\CodeIgniter.php(502): CodeIgniter\CodeIgniter->runController(Object(App\Controllers\BeCms))
#9 D:\xampp\htdocs\mm-management\vendor\codeigniter4\framework\system\CodeIgniter.php(361): CodeIgniter\CodeIgniter->handleRequest(NULL, Object(Config\Cache), false)
#10 D:\xampp\htdocs\mm-management\public\index.php(79): CodeIgniter\CodeIgniter->run()
#11 D:\xampp\htdocs\mm-management\vendor\codeigniter4\framework\system\Commands\Server\rewrite.php(47): require_once('D:\\xampp\\htdocs...')
#12 {main}

Next CodeIgniter\Database\Exceptions\DatabaseException: No connection could be made because the target machine actively refused it in D:\xampp\htdocs\mm-management\vendor\codeigniter4\framework\system\Database\MySQLi\Connection.php:229
Stack trace:
#0 D:\xampp\htdocs\mm-management\vendor\codeigniter4\framework\system\Database\BaseConnection.php(392): CodeIgniter\Database\MySQLi\Connection->connect(false)
#1 D:\xampp\htdocs\mm-management\vendor\codeigniter4\framework\system\Database\BaseConnection.php(575): CodeIgniter\Database\BaseConnection->initialize()
#2 D:\xampp\htdocs\mm-management\vendor\codeigniter4\framework\system\Database\BaseBuilder.php(1615): CodeIgniter\Database\BaseConnection->query('SELECT *\nFROM `...', Array, false)
#3 D:\xampp\htdocs\mm-management\vendor\codeigniter4\framework\system\Model.php(264): CodeIgniter\Database\BaseBuilder->get()
#4 D:\xampp\htdocs\mm-management\vendor\codeigniter4\framework\system\BaseModel.php(662): CodeIgniter\Model->doFirst()
#5 D:\xampp\htdocs\mm-management\app\Controllers\BeCms.php(21): CodeIgniter\BaseModel->first()
#6 D:\xampp\htdocs\mm-management\vendor\codeigniter4\framework\system\CodeIgniter.php(942): App\Controllers\BeCms->check_login()
#7 D:\xampp\htdocs\mm-management\vendor\codeigniter4\framework\system\CodeIgniter.php(502): CodeIgniter\CodeIgniter->runController(Object(App\Controllers\BeCms))
#8 D:\xampp\htdocs\mm-management\vendor\codeigniter4\framework\system\CodeIgniter.php(361): CodeIgniter\CodeIgniter->handleRequest(NULL, Object(Config\Cache), false)
#9 D:\xampp\htdocs\mm-management\public\index.php(79): CodeIgniter\CodeIgniter->run()
#10 D:\xampp\htdocs\mm-management\vendor\codeigniter4\framework\system\Commands\Server\rewrite.php(47): require_once('D:\\xampp\\htdocs...')
#11 {main}
CRITICAL - 2024-01-08 15:25:41 --> Unable to connect to the database.
Main connection [MySQLi]: No connection could be made because the target machine actively refused it
in SYSTEMPATH\Database\BaseConnection.php on line 428.
 1 SYSTEMPATH\Database\BaseConnection.php(575): CodeIgniter\Database\BaseConnection->initialize()
 2 SYSTEMPATH\Database\BaseBuilder.php(1615): CodeIgniter\Database\BaseConnection->query('SELECT *
FROM `tb_user`
WHERE `username` = :username:
 LIMIT 1', [...], false)
 3 SYSTEMPATH\Model.php(264): CodeIgniter\Database\BaseBuilder->get()
 4 SYSTEMPATH\BaseModel.php(662): CodeIgniter\Model->doFirst()
 5 APPPATH\Controllers\BeCms.php(21): CodeIgniter\BaseModel->first()
 6 SYSTEMPATH\CodeIgniter.php(942): App\Controllers\BeCms->check_login()
 7 SYSTEMPATH\CodeIgniter.php(502): CodeIgniter\CodeIgniter->runController(Object(App\Controllers\BeCms))
 8 SYSTEMPATH\CodeIgniter.php(361): CodeIgniter\CodeIgniter->handleRequest(null, Object(Config\Cache), false)
 9 FCPATH\index.php(79): CodeIgniter\CodeIgniter->run()
10 SYSTEMPATH\Commands\Server\rewrite.php(47): require_once('D:\\xampp\\htdocs\\mm-management\\public\\index.php')
INFO - 2024-01-08 15:27:21 --> Session: Class initialized using 'CodeIgniter\Session\Handlers\FileHandler' driver.
INFO - 2024-01-08 15:27:26 --> Session: Class initialized using 'CodeIgniter\Session\Handlers\FileHandler' driver.
INFO - 2024-01-08 15:27:32 --> Session: Class initialized using 'CodeIgniter\Session\Handlers\FileHandler' driver.
INFO - 2024-01-08 15:27:32 --> Session: Class initialized using 'CodeIgniter\Session\Handlers\FileHandler' driver.
INFO - 2024-01-08 15:27:34 --> Session: Class initialized using 'CodeIgniter\Session\Handlers\FileHandler' driver.
